<?xml version="1.0" encoding="UTF-8"?>
<testng-results ignored="0" total="1" passed="1" failed="0" skipped="0">
  <reporter-output>
  </reporter-output>
  <suite started-at="2022-07-23T18:33:50 IST" name="Default suite" finished-at="2022-07-23T18:33:58 IST" duration-ms="8872">
    <groups>
    </groups>
    <test started-at="2022-07-23T18:33:50 IST" name="Default test" finished-at="2022-07-23T18:33:58 IST" duration-ms="8872">
      <class name="Test_Login.VerifyLoginTest">
        <test-method is-config="true" signature="BM()[pri:0, instance:Test_Login.VerifyLoginTest@6d3a388c]" started-at="2022-07-23T18:33:50 IST" name="BM" finished-at="2022-07-23T18:33:58 IST" duration-ms="8109" status="PASS">
          <reporter-output>
          </reporter-output>
        </test-method> <!-- BM -->
        <test-method signature="TC_001()[pri:0, instance:Test_Login.VerifyLoginTest@6d3a388c]" started-at="2022-07-23T18:33:58 IST" name="TC_001" finished-at="2022-07-23T18:33:58 IST" duration-ms="475" status="PASS">
          <reporter-output>
          </reporter-output>
        </test-method> <!-- TC_001 -->
        <test-method is-config="true" signature="AM()[pri:0, instance:Test_Login.VerifyLoginTest@6d3a388c]" started-at="2022-07-23T18:33:58 IST" name="AM" finished-at="2022-07-23T18:33:58 IST" duration-ms="225" status="PASS">
          <reporter-output>
          </reporter-output>
        </test-method> <!-- AM -->
      </class> <!-- Test_Login.VerifyLoginTest -->
    </test> <!-- Default test -->
  </suite> <!-- Default suite -->
</testng-results>
